Build started 3/08/2015 4:49:14 PM.
     1>Project "C:\Users\kayne.palmer\Desktop\Work\trunk\AIEProjects-StarterTemplate - Graph\Project1\Project1.vcxproj" on node 2 (Build target(s)).
     1>ClCompile:
         C:\Program Files (x86)\Microsoft Visual Studio 12.0\VC\bin\CL.exe /c /I"C:\Users\kayne.palmer\Desktop\Work\trunk\AIEProjects-StarterTemplate - Graph\AIE_GL\include\\" /I"C:\Users\kayne.palmer\Desktop\Work\trunk\AIEProjects-StarterTemplate - Graph\libraries\glfw3\include\GLFW\\" /I"C:\Users\kayne.palmer\Desktop\Work\trunk\AIEProjects-StarterTemplate - Graph\Project1\\" /I"C:\Users\kayne.palmer\Desktop\Work\trunk\AIEProjects-StarterTemplate - Graph\libraries\glew\include\\" /I"C:\Users\kayne.palmer\Desktop\Work\trunk\AIEProjects-StarterTemplate - Graph\Project1\include\\" /I"C:\Users\kayne.palmer\Desktop\Work\trunk\AIEProjects-StarterTemplate - Graph\libraries\glm\\" /Zi /nologo /W3 /WX- /O2 /Oi /Oy- /GL /D WIN32 /D NDEBUG /D _CONSOLE /D _UNICODE /D UNICODE /Gm- /EHsc /MD /GS /Gy /fp:precise /Zc:wchar_t /Zc:forScope /Fo"C:\Users\kayne.palmer\Desktop\Work\trunk\AIEProjects-StarterTemplate - Graph\CompilerJunk\Project1Release\\" /Fd"C:\Users\kayne.palmer\Desktop\Work\trunk\AIEProjects-StarterTemplate - Graph\CompilerJunk\Project1Release\vc120.pdb" /Gd /TP /analyze- /errorReport:prompt Agents.cpp DrunkenModifier.cpp IBehaviour.cpp KeyboardControler.cpp Player.cpp Seek.cpp source\Game1.cpp
         Agents.cpp
     1>c:\users\kayne.palmer\desktop\work\trunk\aieprojects-startertemplate - graph\project1\IBehaviour.h(88): warning C4244: 'initializing' : conversion from 'float' to 'int', possible loss of data
     1>c:\users\kayne.palmer\desktop\work\trunk\aieprojects-startertemplate - graph\project1\IBehaviour.h(101): warning C4244: 'initializing' : conversion from 'float' to 'int', possible loss of data
     1>c:\users\kayne.palmer\desktop\work\trunk\aieprojects-startertemplate - graph\project1\Agents.h(27): error C2143: syntax error : missing ';' before '*'
     1>c:\users\kayne.palmer\desktop\work\trunk\aieprojects-startertemplate - graph\project1\Agents.h(27): error C4430: missing type specifier - int assumed. Note: C++ does not support default-int
     1>Agents.cpp(49): error C2065: 'm_spritebatch' : undeclared identifier
     1>Agents.cpp(49): error C2227: left of '->DrawSprite' must point to class/struct/union/generic type
                 type is 'unknown-type'
         DrunkenModifier.cpp
     1>c:\users\kayne.palmer\desktop\work\trunk\aieprojects-startertemplate - graph\project1\IBehaviour.h(88): warning C4244: 'initializing' : conversion from 'float' to 'int', possible loss of data
     1>c:\users\kayne.palmer\desktop\work\trunk\aieprojects-startertemplate - graph\project1\IBehaviour.h(101): warning C4244: 'initializing' : conversion from 'float' to 'int', possible loss of data
         IBehaviour.cpp
     1>IBehaviour.cpp(1): fatal error C1083: Cannot open include file: 'Behaviours.h': No such file or directory
         KeyboardControler.cpp
     1>c:\users\kayne.palmer\desktop\work\trunk\aieprojects-startertemplate - graph\project1\IBehaviour.h(88): warning C4244: 'initializing' : conversion from 'float' to 'int', possible loss of data
     1>c:\users\kayne.palmer\desktop\work\trunk\aieprojects-startertemplate - graph\project1\IBehaviour.h(101): warning C4244: 'initializing' : conversion from 'float' to 'int', possible loss of data
     1>c:\users\kayne.palmer\desktop\work\trunk\aieprojects-startertemplate - graph\project1\KeyboardControler.h(12): error C2555: 'KeyboardControler::Update': overriding virtual function return type differs and is not covariant from 'IBehaviour::Update'
                 c:\users\kayne.palmer\desktop\work\trunk\aieprojects-startertemplate - graph\project1\IBehaviour.h(13) : see declaration of 'IBehaviour::Update'
         Player.cpp
     1>c:\users\kayne.palmer\desktop\work\trunk\aieprojects-startertemplate - graph\project1\IBehaviour.h(88): warning C4244: 'initializing' : conversion from 'float' to 'int', possible loss of data
     1>c:\users\kayne.palmer\desktop\work\trunk\aieprojects-startertemplate - graph\project1\IBehaviour.h(101): warning C4244: 'initializing' : conversion from 'float' to 'int', possible loss of data
     1>c:\users\kayne.palmer\desktop\work\trunk\aieprojects-startertemplate - graph\project1\Agents.h(27): error C2143: syntax error : missing ';' before '*'
     1>c:\users\kayne.palmer\desktop\work\trunk\aieprojects-startertemplate - graph\project1\Agents.h(27): error C4430: missing type specifier - int assumed. Note: C++ does not support default-int
         Seek.cpp
     1>c:\users\kayne.palmer\desktop\work\trunk\aieprojects-startertemplate - graph\project1\IBehaviour.h(88): warning C4244: 'initializing' : conversion from 'float' to 'int', possible loss of data
     1>c:\users\kayne.palmer\desktop\work\trunk\aieprojects-startertemplate - graph\project1\IBehaviour.h(101): warning C4244: 'initializing' : conversion from 'float' to 'int', possible loss of data
     1>c:\users\kayne.palmer\desktop\work\trunk\aieprojects-startertemplate - graph\project1\Agents.h(27): error C2143: syntax error : missing ';' before '*'
     1>c:\users\kayne.palmer\desktop\work\trunk\aieprojects-startertemplate - graph\project1\Agents.h(27): error C4430: missing type specifier - int assumed. Note: C++ does not support default-int
     1>c:\users\kayne.palmer\desktop\work\trunk\aieprojects-startertemplate - graph\project1\Seek.h(7): error C2011: 'Seek' : 'class' type redefinition
                 c:\users\kayne.palmer\desktop\work\trunk\aieprojects-startertemplate - graph\project1\IBehaviour.h(17) : see declaration of 'Seek'
     1>Seek.cpp(4): error C2027: use of undefined type 'Seek'
                 c:\users\kayne.palmer\desktop\work\trunk\aieprojects-startertemplate - graph\project1\IBehaviour.h(17) : see declaration of 'Seek'
     1>Seek.cpp(4): error C2059: syntax error : ')'
     1>Seek.cpp(5): error C2143: syntax error : missing ';' before '{'
     1>Seek.cpp(5): error C2447: '{' : missing function header (old-style formal list?)
     1>Seek.cpp(9): error C2027: use of undefined type 'Seek'
                 c:\users\kayne.palmer\desktop\work\trunk\aieprojects-startertemplate - graph\project1\IBehaviour.h(17) : see declaration of 'Seek'
     1>Seek.cpp(9): error C2059: syntax error : ')'
     1>Seek.cpp(10): error C2143: syntax error : missing ';' before '{'
     1>Seek.cpp(10): error C2447: '{' : missing function header (old-style formal list?)
     1>Seek.cpp(14): error C2027: use of undefined type 'Seek'
                 c:\users\kayne.palmer\desktop\work\trunk\aieprojects-startertemplate - graph\project1\IBehaviour.h(17) : see declaration of 'Seek'
         Game1.cpp
     1>c:\users\kayne.palmer\desktop\work\trunk\aieprojects-startertemplate - graph\project1\IBehaviour.h(88): warning C4244: 'initializing' : conversion from 'float' to 'int', possible loss of data
     1>c:\users\kayne.palmer\desktop\work\trunk\aieprojects-startertemplate - graph\project1\IBehaviour.h(101): warning C4244: 'initializing' : conversion from 'float' to 'int', possible loss of data
     1>source\Game1.cpp(22): warning C4244: 'argument' : conversion from 'int' to 'float', possible loss of data
     1>Done Building Project "C:\Users\kayne.palmer\Desktop\Work\trunk\AIEProjects-StarterTemplate - Graph\Project1\Project1.vcxproj" (Build target(s)) -- FAILED.

Build FAILED.

Time Elapsed 00:00:00.88
